<!DOCTYPE html PUBLIC "-//W3C//DTD XHTML 1.1//EN" "http://www.w3.org/TR/xhtml11/DTD/xhtml11.dtd">
<html xmlns="http://www.w3.org/1999/xhtml"><head><title>TestNG Report</title><style type="text/css">table {margin-bottom:10px;border-collapse:collapse;empty-cells:show}th,td {border:1px solid #009;padding:.25em .5em}th {vertical-align:bottom}td {vertical-align:top}table a {font-weight:bold}.stripe td {background-color: #E6EBF9}.num {text-align:right}.passedodd td {background-color: #3F3}.passedeven td {background-color: #0A0}.skippedodd td {background-color: #DDD}.skippedeven td {background-color: #CCC}.failedodd td,.attn {background-color: #F33}.failedeven td,.stripe .attn {background-color: #D00}.stacktrace {white-space:pre;font-family:monospace}.totop {font-size:85%;text-align:center;border-bottom:2px solid #000}</style></head><body><table><tr><th>Test</th><th># Passed</th><th># Skipped</th><th># Failed</th><th>Time (ms)</th><th>Included Groups</th><th>Excluded Groups</th></tr><tr><th colspan="7">Default suite</th></tr><tr><td><a href="#t0">Default test</a></td><td class="num">9</td><td class="num">0</td><td class="num">0</td><td class="num">42</td><td></td><td></td></tr></table><table><thead><tr><th>Class</th><th>Method</th><th>Start</th><th>Time (ms)</th></tr></thead><tbody><tr><th colspan="4">Default suite</th></tr></tbody><tbody id="t0"><tr><th colspan="4">Default test &#8212; passed</th></tr><tr class="passedeven"><td rowspan="9">ProjectTestNG.MyMavenProjectTestNG.MyTest1ForTestNG</td><td><a href="#m0">testCalculateExperianceCoeffIfExpirianceLess9Years</a></td><td rowspan="1">1488284503973</td><td rowspan="1">4</td></tr><tr class="passedeven"><td><a href="#m1">testCalculateExperianceCoeffIfExpirianceMore10Years</a></td><td rowspan="1">1488284503979</td><td rowspan="1">1</td></tr><tr class="passedeven"><td><a href="#m2">testCalculateOneDayCost</a></td><td rowspan="1">1488284503981</td><td rowspan="1">1</td></tr><tr class="passedeven"><td><a href="#m3">testCalculeteBonus</a></td><td rowspan="1">1488284503983</td><td rowspan="1">1</td></tr><tr class="passedeven"><td><a href="#m4">testCountRealWorkigDays</a></td><td rowspan="1">1488284503985</td><td rowspan="1">1</td></tr><tr class="passedeven"><td><a href="#m5">testExceptionIsThrownInCalculateExperianceCoeffClass</a></td><td rowspan="1">1488284503987</td><td rowspan="1">1</td></tr><tr class="passedeven"><td><a href="#m6">testExceptionIsThrownInCalculateOneDayCostClass</a></td><td rowspan="1">1488284503990</td><td rowspan="1">1</td></tr><tr class="passedeven"><td><a href="#m7">testExceptionIsThrownInCalculeteBonusClass</a></td><td rowspan="1">1488284503992</td><td rowspan="1">1</td></tr><tr class="passedeven"><td><a href="#m8">testExceptionIsThrownInCountRealWorkigDaysClass</a></td><td rowspan="1">1488284503994</td><td rowspan="1">1</td></tr></tbody></table><h2>Default test</h2><h3 id="m0">ProjectTestNG.MyMavenProjectTestNG.MyTest1ForTestNG#testCalculateExperianceCoeffIfExpirianceLess9Years</h3><table class="result"></table><p class="totop"><a href="#summary">back to summary</a></p><h3 id="m1">ProjectTestNG.MyMavenProjectTestNG.MyTest1ForTestNG#testCalculateExperianceCoeffIfExpirianceMore10Years</h3><table class="result"></table><p class="totop"><a href="#summary">back to summary</a></p><h3 id="m2">ProjectTestNG.MyMavenProjectTestNG.MyTest1ForTestNG#testCalculateOneDayCost</h3><table class="result"></table><p class="totop"><a href="#summary">back to summary</a></p><h3 id="m3">ProjectTestNG.MyMavenProjectTestNG.MyTest1ForTestNG#testCalculeteBonus</h3><table class="result"></table><p class="totop"><a href="#summary">back to summary</a></p><h3 id="m4">ProjectTestNG.MyMavenProjectTestNG.MyTest1ForTestNG#testCountRealWorkigDays</h3><table class="result"></table><p class="totop"><a href="#summary">back to summary</a></p><h3 id="m5">ProjectTestNG.MyMavenProjectTestNG.MyTest1ForTestNG#testExceptionIsThrownInCalculateExperianceCoeffClass</h3><table class="result"><tr><th>Expected Exception</th></tr><tr><td><div class="stacktrace">java.lang.IllegalArgumentException: ERROR!!! &apos;experience&apos; value is less 0! 
	at ProjectTestNG.MyMavenProjectTestNG.EmployeeOfCompany.calculateExperianceCoeff(EmployeeOfCompany.java:88)
	at ProjectTestNG.MyMavenProjectTestNG.MyTest1ForTestNG.testExceptionIsThrownInCalculateExperianceCoeffClass(MyTest1ForTestNG.java:58)
	at sun.reflect.NativeMethodAccessorImpl.invoke0(Native Method)
	at sun.reflect.NativeMethodAccessorImpl.invoke(Unknown Source)
	at sun.reflect.DelegatingMethodAccessorImpl.invoke(Unknown Source)
	at java.lang.reflect.Method.invoke(Unknown Source)
	at org.testng.internal.MethodInvocationHelper.invokeMethod(MethodInvocationHelper.java:104)
	at org.testng.internal.Invoker.invokeMethod(Invoker.java:645)
	at org.testng.internal.Invoker.invokeTestMethod(Invoker.java:851)
	at org.testng.internal.Invoker.invokeTestMethods(Invoker.java:1177)
	at org.testng.internal.TestMethodWorker.invokeTestMethods(TestMethodWorker.java:129)
	at org.testng.internal.TestMethodWorker.run(TestMethodWorker.java:112)
	at org.testng.TestRunner.privateRun(TestRunner.java:756)
	at org.testng.TestRunner.run(TestRunner.java:610)
	at org.testng.SuiteRunner.runTest(SuiteRunner.java:387)
	at org.testng.SuiteRunner.runSequentially(SuiteRunner.java:382)
	at org.testng.SuiteRunner.privateRun(SuiteRunner.java:340)
	at org.testng.SuiteRunner.run(SuiteRunner.java:289)
	at org.testng.SuiteRunnerWorker.runSuite(SuiteRunnerWorker.java:52)
	at org.testng.SuiteRunnerWorker.run(SuiteRunnerWorker.java:86)
	at org.testng.TestNG.runSuitesSequentially(TestNG.java:1293)
	at org.testng.TestNG.runSuitesLocally(TestNG.java:1218)
	at org.testng.TestNG.runSuites(TestNG.java:1133)
	at org.testng.TestNG.run(TestNG.java:1104)
	at org.testng.remote.AbstractRemoteTestNG.run(AbstractRemoteTestNG.java:132)
	at org.testng.remote.RemoteTestNG.initAndRun(RemoteTestNG.java:236)
	at org.testng.remote.RemoteTestNG.main(RemoteTestNG.java:81)
</div></td></tr></table><p class="totop"><a href="#summary">back to summary</a></p><h3 id="m6">ProjectTestNG.MyMavenProjectTestNG.MyTest1ForTestNG#testExceptionIsThrownInCalculateOneDayCostClass</h3><table class="result"><tr><th>Expected Exception</th></tr><tr><td><div class="stacktrace">java.lang.IllegalArgumentException: &apos;SalaryRate&apos; should be more than 0 and &apos;generalWorkigDaysInMoth&apos; should be 0 or more! 
	at ProjectTestNG.MyMavenProjectTestNG.EmployeeOfCompany.calculateOneDayCost(EmployeeOfCompany.java:78)
	at ProjectTestNG.MyMavenProjectTestNG.MyTest1ForTestNG.testExceptionIsThrownInCalculateOneDayCostClass(MyTest1ForTestNG.java:20)
	at sun.reflect.NativeMethodAccessorImpl.invoke0(Native Method)
	at sun.reflect.NativeMethodAccessorImpl.invoke(Unknown Source)
	at sun.reflect.DelegatingMethodAccessorImpl.invoke(Unknown Source)
	at java.lang.reflect.Method.invoke(Unknown Source)
	at org.testng.internal.MethodInvocationHelper.invokeMethod(MethodInvocationHelper.java:104)
	at org.testng.internal.Invoker.invokeMethod(Invoker.java:645)
	at org.testng.internal.Invoker.invokeTestMethod(Invoker.java:851)
	at org.testng.internal.Invoker.invokeTestMethods(Invoker.java:1177)
	at org.testng.internal.TestMethodWorker.invokeTestMethods(TestMethodWorker.java:129)
	at org.testng.internal.TestMethodWorker.run(TestMethodWorker.java:112)
	at org.testng.TestRunner.privateRun(TestRunner.java:756)
	at org.testng.TestRunner.run(TestRunner.java:610)
	at org.testng.SuiteRunner.runTest(SuiteRunner.java:387)
	at org.testng.SuiteRunner.runSequentially(SuiteRunner.java:382)
	at org.testng.SuiteRunner.privateRun(SuiteRunner.java:340)
	at org.testng.SuiteRunner.run(SuiteRunner.java:289)
	at org.testng.SuiteRunnerWorker.runSuite(SuiteRunnerWorker.java:52)
	at org.testng.SuiteRunnerWorker.run(SuiteRunnerWorker.java:86)
	at org.testng.TestNG.runSuitesSequentially(TestNG.java:1293)
	at org.testng.TestNG.runSuitesLocally(TestNG.java:1218)
	at org.testng.TestNG.runSuites(TestNG.java:1133)
	at org.testng.TestNG.run(TestNG.java:1104)
	at org.testng.remote.AbstractRemoteTestNG.run(AbstractRemoteTestNG.java:132)
	at org.testng.remote.RemoteTestNG.initAndRun(RemoteTestNG.java:236)
	at org.testng.remote.RemoteTestNG.main(RemoteTestNG.java:81)
</div></td></tr></table><p class="totop"><a href="#summary">back to summary</a></p><h3 id="m7">ProjectTestNG.MyMavenProjectTestNG.MyTest1ForTestNG#testExceptionIsThrownInCalculeteBonusClass</h3><table class="result"><tr><th>Expected Exception</th></tr><tr><td><div class="stacktrace">java.lang.IllegalArgumentException: &apos;SalaryRate&apos; should be more than 0! 
	at ProjectTestNG.MyMavenProjectTestNG.EmployeeOfCompany.calculeteBonus(EmployeeOfCompany.java:95)
	at ProjectTestNG.MyMavenProjectTestNG.MyTest1ForTestNG.testExceptionIsThrownInCalculeteBonusClass(MyTest1ForTestNG.java:73)
	at sun.reflect.NativeMethodAccessorImpl.invoke0(Native Method)
	at sun.reflect.NativeMethodAccessorImpl.invoke(Unknown Source)
	at sun.reflect.DelegatingMethodAccessorImpl.invoke(Unknown Source)
	at java.lang.reflect.Method.invoke(Unknown Source)
	at org.testng.internal.MethodInvocationHelper.invokeMethod(MethodInvocationHelper.java:104)
	at org.testng.internal.Invoker.invokeMethod(Invoker.java:645)
	at org.testng.internal.Invoker.invokeTestMethod(Invoker.java:851)
	at org.testng.internal.Invoker.invokeTestMethods(Invoker.java:1177)
	at org.testng.internal.TestMethodWorker.invokeTestMethods(TestMethodWorker.java:129)
	at org.testng.internal.TestMethodWorker.run(TestMethodWorker.java:112)
	at org.testng.TestRunner.privateRun(TestRunner.java:756)
	at org.testng.TestRunner.run(TestRunner.java:610)
	at org.testng.SuiteRunner.runTest(SuiteRunner.java:387)
	at org.testng.SuiteRunner.runSequentially(SuiteRunner.java:382)
	at org.testng.SuiteRunner.privateRun(SuiteRunner.java:340)
	at org.testng.SuiteRunner.run(SuiteRunner.java:289)
	at org.testng.SuiteRunnerWorker.runSuite(SuiteRunnerWorker.java:52)
	at org.testng.SuiteRunnerWorker.run(SuiteRunnerWorker.java:86)
	at org.testng.TestNG.runSuitesSequentially(TestNG.java:1293)
	at org.testng.TestNG.runSuitesLocally(TestNG.java:1218)
	at org.testng.TestNG.runSuites(TestNG.java:1133)
	at org.testng.TestNG.run(TestNG.java:1104)
	at org.testng.remote.AbstractRemoteTestNG.run(AbstractRemoteTestNG.java:132)
	at org.testng.remote.RemoteTestNG.initAndRun(RemoteTestNG.java:236)
	at org.testng.remote.RemoteTestNG.main(RemoteTestNG.java:81)
</div></td></tr></table><p class="totop"><a href="#summary">back to summary</a></p><h3 id="m8">ProjectTestNG.MyMavenProjectTestNG.MyTest1ForTestNG#testExceptionIsThrownInCountRealWorkigDaysClass</h3><table class="result"><tr><th>Expected Exception</th></tr><tr><td><div class="stacktrace">java.lang.IllegalArgumentException: The General working days in month should be more than 0! 
	at ProjectTestNG.MyMavenProjectTestNG.EmployeeOfCompany.countRealWorkigDays(EmployeeOfCompany.java:103)
	at ProjectTestNG.MyMavenProjectTestNG.MyTest1ForTestNG.testExceptionIsThrownInCountRealWorkigDaysClass(MyTest1ForTestNG.java:114)
	at sun.reflect.NativeMethodAccessorImpl.invoke0(Native Method)
	at sun.reflect.NativeMethodAccessorImpl.invoke(Unknown Source)
	at sun.reflect.DelegatingMethodAccessorImpl.invoke(Unknown Source)
	at java.lang.reflect.Method.invoke(Unknown Source)
	at org.testng.internal.MethodInvocationHelper.invokeMethod(MethodInvocationHelper.java:104)
	at org.testng.internal.Invoker.invokeMethod(Invoker.java:645)
	at org.testng.internal.Invoker.invokeTestMethod(Invoker.java:851)
	at org.testng.internal.Invoker.invokeTestMethods(Invoker.java:1177)
	at org.testng.internal.TestMethodWorker.invokeTestMethods(TestMethodWorker.java:129)
	at org.testng.internal.TestMethodWorker.run(TestMethodWorker.java:112)
	at org.testng.TestRunner.privateRun(TestRunner.java:756)
	at org.testng.TestRunner.run(TestRunner.java:610)
	at org.testng.SuiteRunner.runTest(SuiteRunner.java:387)
	at org.testng.SuiteRunner.runSequentially(SuiteRunner.java:382)
	at org.testng.SuiteRunner.privateRun(SuiteRunner.java:340)
	at org.testng.SuiteRunner.run(SuiteRunner.java:289)
	at org.testng.SuiteRunnerWorker.runSuite(SuiteRunnerWorker.java:52)
	at org.testng.SuiteRunnerWorker.run(SuiteRunnerWorker.java:86)
	at org.testng.TestNG.runSuitesSequentially(TestNG.java:1293)
	at org.testng.TestNG.runSuitesLocally(TestNG.java:1218)
	at org.testng.TestNG.runSuites(TestNG.java:1133)
	at org.testng.TestNG.run(TestNG.java:1104)
	at org.testng.remote.AbstractRemoteTestNG.run(AbstractRemoteTestNG.java:132)
	at org.testng.remote.RemoteTestNG.initAndRun(RemoteTestNG.java:236)
	at org.testng.remote.RemoteTestNG.main(RemoteTestNG.java:81)
</div></td></tr></table><p class="totop"><a href="#summary">back to summary</a></p></body></html>